<?xml version="1.0" encoding="UTF-8"?>
<testng-results skipped="0" failed="1" total="1" passed="0">
  <reporter-output>
  </reporter-output>
  <suite name="Default suite" duration-ms="20045" started-at="2020-06-23T12:33:11Z" finished-at="2020-06-23T12:33:31Z">
    <groups>
    </groups>
    <test name="Default test" duration-ms="20045" started-at="2020-06-23T12:33:11Z" finished-at="2020-06-23T12:33:31Z">
      <class name="com.SigmaInbound.TCCancelRun">
        <test-method status="PASS" signature="setup()[pri:0, instance:com.SigmaInbound.TCCancelRun@7671cb68]" name="setup" is-config="true" duration-ms="41360" started-at="2020-06-23T18:02:30Z" finished-at="2020-06-23T18:03:11Z">
          <reporter-output>
          </reporter-output>
        </test-method> <!-- setup -->
        <test-method status="FAIL" signature="CancelRun(java.lang.String, java.lang.String, java.lang.String, java.lang.String, java.lang.String, java.lang.String, java.lang.String, java.lang.String, java.lang.String, java.lang.String, java.lang.String)[pri:0, instance:com.SigmaInbound.TCCancelRun@7671cb68]" name="CancelRun" duration-ms="20007" started-at="2020-06-23T18:03:11Z" data-provider="dp" finished-at="2020-06-23T18:03:31Z">
          <params>
            <param index="0">
              <value>
                <![CDATA[Automation Testcase-CR]]>
              </value>
            </param>
            <param index="1">
              <value>
                <![CDATA[AssemblyLine Manfacturing- A]]>
              </value>
            </param>
            <param index="2">
              <value>
                <![CDATA[1]]>
              </value>
            </param>
            <param index="3">
              <value>
                <![CDATA[Jun 29, 2020]]>
              </value>
            </param>
            <param index="4">
              <value>
                <![CDATA[Jun 29, 2020]]>
              </value>
            </param>
            <param index="5">
              <value>
                <![CDATA[1]]>
              </value>
            </param>
            <param index="6">
              <value>
                <![CDATA[Batch A]]>
              </value>
            </param>
            <param index="7">
              <value>
                <![CDATA[Jun 29, 2022]]>
              </value>
            </param>
            <param index="8">
              <value>
                <![CDATA[1]]>
              </value>
            </param>
            <param index="9">
              <value>
                <![CDATA[ARIZONA]]>
              </value>
            </param>
            <param index="10">
              <value>
                <![CDATA[AZ BIN-1]]>
              </value>
            </param>
          </params>
          <exception class="java.lang.NullPointerException">
            <full-stacktrace>
              <![CDATA[java.lang.NullPointerException
	at com.SigmaInbound.TCCancelRun.CancelRun(TCCancelRun.java:36)
	at sun.reflect.NativeMethodAccessorImpl.invoke0(Native Method)
	at sun.reflect.NativeMethodAccessorImpl.invoke(Unknown Source)
	at sun.reflect.DelegatingMethodAccessorImpl.invoke(Unknown Source)
	at java.lang.reflect.Method.invoke(Unknown Source)
	at org.testng.internal.MethodInvocationHelper.invokeMethod(MethodInvocationHelper.java:84)
	at org.testng.internal.Invoker.invokeMethod(Invoker.java:714)
	at org.testng.internal.Invoker.invokeTestMethod(Invoker.java:901)
	at org.testng.internal.Invoker.invokeTestMethods(Invoker.java:1231)
	at org.testng.internal.TestMethodWorker.invokeTestMethods(TestMethodWorker.java:127)
	at org.testng.internal.TestMethodWorker.run(TestMethodWorker.java:111)
	at org.testng.TestRunner.privateRun(TestRunner.java:767)
	at org.testng.TestRunner.run(TestRunner.java:617)
	at org.testng.SuiteRunner.runTest(SuiteRunner.java:334)
	at org.testng.SuiteRunner.runSequentially(SuiteRunner.java:329)
	at org.testng.SuiteRunner.privateRun(SuiteRunner.java:291)
	at org.testng.SuiteRunner.run(SuiteRunner.java:240)
	at org.testng.SuiteRunnerWorker.runSuite(SuiteRunnerWorker.java:52)
	at org.testng.SuiteRunnerWorker.run(SuiteRunnerWorker.java:86)
	at org.testng.TestNG.runSuitesSequentially(TestNG.java:1224)
	at org.testng.TestNG.runSuitesLocally(TestNG.java:1149)
	at org.testng.TestNG.run(TestNG.java:1057)
	at org.testng.remote.AbstractRemoteTestNG.run(AbstractRemoteTestNG.java:114)
	at org.testng.remote.RemoteTestNG.initAndRun(RemoteTestNG.java:251)
	at org.testng.remote.RemoteTestNG.main(RemoteTestNG.java:77)
]]>
            </full-stacktrace>
          </exception> <!-- java.lang.NullPointerException -->
          <reporter-output>
          </reporter-output>
        </test-method> <!-- CancelRun -->
        <test-method status="PASS" signature="close()[pri:0, instance:com.SigmaInbound.TCCancelRun@7671cb68]" name="close" is-config="true" duration-ms="1" started-at="2020-06-23T18:03:31Z" finished-at="2020-06-23T18:03:31Z">
          <reporter-output>
          </reporter-output>
        </test-method> <!-- close -->
      </class> <!-- com.SigmaInbound.TCCancelRun -->
    </test> <!-- Default test -->
  </suite> <!-- Default suite -->
</testng-results>
