<?xml version="1.0" encoding="UTF-8"?>
<!-- Generated by org.testng.reporters.JUnitXMLReporter -->
<testsuite hostname="MS-LAP-02" name="Testcoh" tests="20" failures="0" timestamp="28 May 2019 06:28:16 GMT" time="0.244" errors="0">
  <testcase name="@BeforeSuite setup" time="0.0" classname="com.src.test.java.com.cohtestcases.Create_Account">
    <failure type="java.io.FileNotFoundException" message="D:\DinnerLabWorkspace\DinnerLabTesting\src\com\src\test\resources\properties\Config (The system cannot find the path specified)">
      <![CDATA[java.io.FileNotFoundException: D:\DinnerLabWorkspace\DinnerLabTesting\src\com\src\test\resources\properties\Config (The system cannot find the path specified)
	at java.io.FileInputStream.open0(Native Method)
	at java.io.FileInputStream.open(Unknown Source)
	at java.io.FileInputStream.<init>(Unknown Source)
	at java.io.FileInputStream.<init>(Unknown Source)
	at com.src.test.java.com.Base.NewTestBase.setup(NewTestBase.java:44)
... Removed 18 stack frames]]>
    </failure>
  </testcase> <!-- @BeforeSuite setup -->
  <testcase name="@BeforeSuite setup" time="0.0" classname="com.src.test.java.com.cohtestcases.Create_Account">
    <skipped/>
  </testcase> <!-- @BeforeSuite setup -->
  <testcase name="account" time="0.01" classname="com.src.test.java.com.cohtestcases.Account">
    <skipped/>
  </testcase> <!-- account -->
  <testcase name="product" time="0.001" classname="com.src.test.java.com.cohtestcases.Completeintegration">
    <skipped/>
  </testcase> <!-- product -->
  <testcase name="product" time="0.001" classname="com.src.test.java.com.cohtestcases.Create_Account">
    <skipped/>
  </testcase> <!-- product -->
  <testcase name="Package" time="0.001" classname="com.src.test.java.com.cohtestcases.Create_package">
    <skipped/>
  </testcase> <!-- Package -->
  <testcase name="product" time="0.0" classname="com.src.test.java.com.cohtestcases.Create_product">
    <skipped/>
  </testcase> <!-- product -->
  <testcase name="stapporder1" time="0.0" classname="com.src.test.java.com.cohtestcases.Create_Stapporder">
    <skipped/>
  </testcase> <!-- stapporder1 -->
  <testcase name="stapporderline" time="0.001" classname="com.src.test.java.com.cohtestcases.Create_Stapporder">
    <skipped/>
  </testcase> <!-- stapporderline -->
  <testcase name="stockreceiving" time="0.002" classname="com.src.test.java.com.cohtestcases.Create_StockReceiving">
    <skipped/>
  </testcase> <!-- stockreceiving -->
  <testcase name="transactionSR" time="0.0" classname="com.src.test.java.com.cohtestcases.Create_transaction">
    <skipped/>
  </testcase> <!-- transactionSR -->
  <testcase name="transactionorderline" time="0.001" classname="com.src.test.java.com.cohtestcases.Create_transaction">
    <skipped/>
  </testcase> <!-- transactionorderline -->
  <testcase name="account" time="0.001" classname="com.src.test.java.com.cohtestcases.Genericcode">
    <skipped/>
  </testcase> <!-- account -->
  <testcase name="accountlive3" time="0.001" classname="com.src.test.java.com.cohtestcases.Genericcode">
    <skipped/>
  </testcase> <!-- accountlive3 -->
  <testcase name="stapporder" time="0.0" classname="com.src.test.java.com.cohtestcases.multiplestapporder">
    <skipped/>
  </testcase> <!-- stapporder -->
  <testcase name="orderline" time="0.001" classname="com.src.test.java.com.cohtestcases.multiplestapporder">
    <skipped/>
  </testcase> <!-- orderline -->
  <testcase name="save" time="0.024" classname="com.src.test.java.com.cohtestcases.multiplestapporder">
    <skipped/>
  </testcase> <!-- save -->
  <testcase name="transactionSR" time="0.001" classname="com.src.test.java.com.cohtestcases.Multipletransaction">
    <skipped/>
  </testcase> <!-- transactionSR -->
  <testcase name="transactionorderline" time="0.004" classname="com.src.test.java.com.cohtestcases.Multipletransaction">
    <skipped/>
  </testcase> <!-- transactionorderline -->
  <testcase name="productprice" time="0.003" classname="com.src.test.java.com.cohtestcases.Productprice">
    <skipped/>
  </testcase> <!-- productprice -->
  <testcase name="SAfinancial" time="0.0" classname="com.src.test.java.com.cohtestcases.StockAdjustmentBulkFinancial">
    <skipped/>
  </testcase> <!-- SAfinancial -->
  <testcase name="SAfinancial" time="0.011" classname="com.src.test.java.com.cohtestcases.StockAdjustmentSerialized">
    <skipped/>
  </testcase> <!-- SAfinancial -->
</testsuite> <!-- Testcoh -->
