<?xml version="1.0" encoding="UTF-8"?>
<!-- Generated by org.testng.reporters.JUnitXMLReporter -->
<testsuite hostname="MS-LAP-02" name="Default test(failed)(failed)" tests="1" failures="0" timestamp="28 May 2019 06:27:02 GMT" time="0.041" errors="0">
  <testcase name="@BeforeSuite setup" time="0.0" classname="com.Sigma.ProductCreation">
    <failure type="java.io.FileNotFoundException" message="D:\AutomationDashboard\DinnerLabTesting\src\com\Sigma\Config (The system cannot find the path specified)">
      <![CDATA[java.io.FileNotFoundException: D:\AutomationDashboard\DinnerLabTesting\src\com\Sigma\Config (The system cannot find the path specified)
	at java.io.FileInputStream.open0(Native Method)
	at java.io.FileInputStream.open(Unknown Source)
	at java.io.FileInputStream.<init>(Unknown Source)
	at java.io.FileInputStream.<init>(Unknown Source)
	at com.Sigma.Testbase.setup(Testbase.java:47)
... Removed 18 stack frames]]>
    </failure>
  </testcase> <!-- @BeforeSuite setup -->
  <testcase name="product" time="0.012" classname="com.Sigma.ProductCreation">
    <skipped/>
  </testcase> <!-- product -->
</testsuite> <!-- Default test(failed)(failed) -->
